<?xml version="1.0" encoding="utf-8" ?>
<!DOCTYPE html PUBLIC "-//W3C//DTD XHTML 1.0 Strict//EN"
        "http://www.w3.org/TR/xhtml1/DTD/xhtml1-strict.dtd">
<html xmlns="http://www.w3.org/1999/xhtml" xml:lang="" lang="">
<head>
  <title>Test Results Report - Test</title>
  <meta http-equiv="Content-Type" content="text/html;charset=utf-8" />
  <meta name="description" content="TestNG unit test results." />
  <link href="reportng.css" rel="stylesheet" type="text/css" />
    <script type="text/javascript" src="reportng.js"></script>
</head>
<body>
<h1>Test</h1>
<p>
  Test duration: 48.072s
</p>



  <table class="resultsTable">
    <tr><th colspan="3" class="header failed">Failed Tests</th></tr>
          <tr>
        <td colspan="3" class="group">Testpkg.Validation</td>
      </tr>
            
<tr>
  <td class="method">
                  test
      </td>
  <td class="duration">
    22.933s
  </td>
  <td class="result">
        
    
            <div class="testOutput">
                         Chrome Browser is open<br />
                                Enter the url= https://10.20.14.67:9091/<br />
                                Enter the valid&nbsp; Username <br />
                                Enter the valid password<br />
                                Click on login button<br />
                                login successful<br />
                                Click on end tour Button<br />
                                click on the search icon to search the user<br />
                                enter the username and click on it <br />
                                Enter the message on chatbox<br />
                  </div>
    

        <a href="javascript:toggleElement('exception-0', 'block')" title="Click to expand/collapse"><b>org.openqa.selenium.NoSuchElementException: no such element: Unable to locate element: {&quot;method&quot;:&quot;xpath&quot;,&quot;selector&quot;:&quot;.//*[@id=&apos;chat-history&apos;]/div[1]/div[last()]/div[3]/div/span/p&quot;}<br/>
&nbsp; (Session info: chrome=58.0.3029.110)<br/>
&nbsp; (Driver info: chromedriver=2.29.461591 (62ebf098771772160f391d75e589dc567915b233),platform=Windows NT 6.1.7601 SP1 x86_64) (WARNING: The server did not provide any stacktrace information)<br/>
Command duration or timeout: 10.06 seconds<br/>
For documentation on this error, please visit: http://seleniumhq.org/exceptions/no_such_element.html<br/>
Build info: version: &apos;2.42.2&apos;, revision: &apos;6a6995d&apos;, time: &apos;2014-06-03 17:42:03&apos;<br/>
System info: host: &apos;Sayali-S&apos;, ip: &apos;10.20.5.8&apos;, os.name: &apos;Windows 7&apos;, os.arch: &apos;amd64&apos;, os.version: &apos;6.1&apos;, java.version: &apos;1.8.0_74&apos;<br/>
Driver info: org.openqa.selenium.chrome.ChromeDriver<br/>
Capabilities [{applicationCacheEnabled=false, rotatable=false, mobileEmulationEnabled=false, networkConnectionEnabled=false, chrome={chromedriverVersion=2.29.461591 (62ebf098771772160f391d75e589dc567915b233), userDataDir=C:\Users\sinkar_s\AppData\Local\Temp\scoped_dir7392_1166}, takesHeapSnapshot=true, pageLoadStrategy=normal, databaseEnabled=false, handlesAlerts=true, hasTouchScreen=false, version=58.0.3029.110, platform=XP, browserConnectionEnabled=false, nativeEvents=true, acceptSslCerts=true, locationContextEnabled=true, webStorageEnabled=true, browserName=chrome, takesScreenshot=true, javascriptEnabled=true, cssSelectorsEnabled=true, unexpectedAlertBehaviour=}]<br/>
Session ID: 45855f8e54d74cf5c655017e56f86eb1</b></a><br />
    <div class="stackTrace" id="exception-0">
              sun.reflect.NativeConstructorAccessorImpl.newInstance0(Native Method)<br />
              sun.reflect.NativeConstructorAccessorImpl.newInstance(Unknown Source)<br />
              sun.reflect.DelegatingConstructorAccessorImpl.newInstance(Unknown Source)<br />
              java.lang.reflect.Constructor.newInstance(Unknown Source)<br />
              org.openqa.selenium.remote.ErrorHandler.createThrowable(ErrorHandler.java:204)<br />
              org.openqa.selenium.remote.ErrorHandler.throwIfResponseFailed(ErrorHandler.java:156)<br />
              org.openqa.selenium.remote.RemoteWebDriver.execute(RemoteWebDriver.java:599)<br />
              org.openqa.selenium.remote.RemoteWebDriver.findElement(RemoteWebDriver.java:352)<br />
              org.openqa.selenium.remote.RemoteWebDriver.findElementByXPath(RemoteWebDriver.java:449)<br />
              org.openqa.selenium.By$ByXPath.findElement(By.java:357)<br />
              org.openqa.selenium.remote.RemoteWebDriver.findElement(RemoteWebDriver.java:344)<br />
              pageobjectspkg.chatBoxLandingPg.validateUserMessage(chatBoxLandingPg.java:310)<br />
              Testpkg.conversationFor2Users.verifyConversationFor2Users(conversationFor2Users.java:81)<br />
              Testpkg.Validation.test(Validation.java:137)<br />
              sun.reflect.NativeMethodAccessorImpl.invoke0(Native Method)<br />
              sun.reflect.NativeMethodAccessorImpl.invoke(Unknown Source)<br />
              sun.reflect.DelegatingMethodAccessorImpl.invoke(Unknown Source)<br />
              java.lang.reflect.Method.invoke(Unknown Source)<br />
              org.testng.internal.MethodInvocationHelper.invokeMethod(MethodInvocationHelper.java:84)<br />
              org.testng.internal.Invoker.invokeMethod(Invoker.java:714)<br />
              org.testng.internal.Invoker.invokeTestMethod(Invoker.java:901)<br />
              org.testng.internal.Invoker.invokeTestMethods(Invoker.java:1231)<br />
              org.testng.internal.TestMethodWorker.invokeTestMethods(TestMethodWorker.java:127)<br />
              org.testng.internal.TestMethodWorker.run(TestMethodWorker.java:111)<br />
              org.testng.TestRunner.privateRun(TestRunner.java:767)<br />
              org.testng.TestRunner.run(TestRunner.java:617)<br />
              org.testng.SuiteRunner.runTest(SuiteRunner.java:334)<br />
              org.testng.SuiteRunner.runSequentially(SuiteRunner.java:329)<br />
              org.testng.SuiteRunner.privateRun(SuiteRunner.java:291)<br />
              org.testng.SuiteRunner.run(SuiteRunner.java:240)<br />
              org.testng.SuiteRunnerWorker.runSuite(SuiteRunnerWorker.java:52)<br />
              org.testng.SuiteRunnerWorker.run(SuiteRunnerWorker.java:86)<br />
              org.testng.TestNG.runSuitesSequentially(TestNG.java:1224)<br />
              org.testng.TestNG.runSuitesLocally(TestNG.java:1149)<br />
              org.testng.TestNG.run(TestNG.java:1057)<br />
              org.testng.remote.AbstractRemoteTestNG.run(AbstractRemoteTestNG.java:132)<br />
              org.testng.remote.RemoteTestNG.initAndRun(RemoteTestNG.java:230)<br />
              org.testng.remote.RemoteTestNG.main(RemoteTestNG.java:76)<br />
                </div>
      </td>
</tr>
<tr>
  <td class="method">
                  verifyConversationFor2Users
      </td>
  <td class="duration">
    0.000s
  </td>
  <td class="result">
        
    
        

        <a href="javascript:toggleElement('exception-1', 'block')" title="Click to expand/collapse"><b>org.testng.TestNGException: <br/>
Method verifyConversationFor2Users requires 5 parameters but 0 were supplied in the @Test annotation.</b></a><br />
    <div class="stackTrace" id="exception-1">
              org.testng.internal.Parameters.checkParameterTypes(Parameters.java:198)<br />
              org.testng.internal.Parameters.createParameters(Parameters.java:134)<br />
              org.testng.internal.Parameters.createParameters(Parameters.java:373)<br />
              org.testng.internal.Parameters.handleParameters(Parameters.java:450)<br />
              org.testng.internal.Invoker.handleParameters(Invoker.java:1383)<br />
              org.testng.internal.Invoker.createParameters(Invoker.java:1075)<br />
              org.testng.internal.Invoker.invokeTestMethods(Invoker.java:1180)<br />
              org.testng.internal.TestMethodWorker.invokeTestMethods(TestMethodWorker.java:127)<br />
              org.testng.internal.TestMethodWorker.run(TestMethodWorker.java:111)<br />
              org.testng.TestRunner.privateRun(TestRunner.java:767)<br />
              org.testng.TestRunner.run(TestRunner.java:617)<br />
              org.testng.SuiteRunner.runTest(SuiteRunner.java:334)<br />
              org.testng.SuiteRunner.runSequentially(SuiteRunner.java:329)<br />
              org.testng.SuiteRunner.privateRun(SuiteRunner.java:291)<br />
              org.testng.SuiteRunner.run(SuiteRunner.java:240)<br />
              org.testng.SuiteRunnerWorker.runSuite(SuiteRunnerWorker.java:52)<br />
              org.testng.SuiteRunnerWorker.run(SuiteRunnerWorker.java:86)<br />
              org.testng.TestNG.runSuitesSequentially(TestNG.java:1224)<br />
              org.testng.TestNG.runSuitesLocally(TestNG.java:1149)<br />
              org.testng.TestNG.run(TestNG.java:1057)<br />
              org.testng.remote.AbstractRemoteTestNG.run(AbstractRemoteTestNG.java:132)<br />
              org.testng.remote.RemoteTestNG.initAndRun(RemoteTestNG.java:230)<br />
              org.testng.remote.RemoteTestNG.main(RemoteTestNG.java:76)<br />
                </div>
      </td>
</tr>
      </table>


  <table class="resultsTable">
    <tr><th colspan="3" class="header passed">Passed Tests</th></tr>
          <tr>
        <td colspan="3" class="group">Testpkg.conversationFor2Users</td>
      </tr>
            
<tr>
  <td class="method">
                  test
      </td>
  <td class="duration">
    25.139s
  </td>
  <td class="result">
        
    
            <div class="testOutput">
                         Chrome Browser is open<br />
                                Enter the url= https://10.20.14.67:9091/<br />
                                Enter the valid&nbsp; Username <br />
                                Enter the valid password<br />
                                Click on login button<br />
                                login successful<br />
                                Click on end tour Button<br />
                                click on the search icon to search the user<br />
                                enter the username and click on it <br />
                                Enter the message on chatbox<br />
                                Chat message validated successfully<br />
                                 Chrome Browser is open<br />
                                Enter the url= https://10.20.14.67:9091/<br />
                                Enter the valid&nbsp; Username <br />
                                Enter the valid password<br />
                                Click on login button<br />
                                login successful<br />
                                Click on end tour Button<br />
                                click on the search icon to search the user<br />
                                enter the username and click on it <br />
                                Enter the message on chatbox<br />
                                Chat message validated successfully<br />
                  </div>
    

      </td>
</tr>
      </table>
  
</body>
</html>
